{"timestamp":"2025-05-08T09:13:15.018415","level":"info","event":"DAG bundles loaded: dags-folder, example_dags","logger":"airflow.dag_processing.bundles.manager.DagBundlesManager"}
{"timestamp":"2025-05-08T09:13:15.018857","level":"info","event":"Filling up the DagBag from /opt/airflow/dags/dbt/my_first_dag.py","logger":"airflow.models.dagbag.DagBag"}
{"timestamp":"2025-05-08T09:13:15.024511","level":"info","event":"Trying to parse the dbt project using dbt ls cache cosmos_cache__my_first_dag...","logger":"cosmos.dbt.graph"}
{"timestamp":"2025-05-08T09:13:15.025943","level":"info","event":"Secrets backends loaded for worker","count":1,"backend_classes":["EnvironmentVariablesBackend"],"logger":"supervisor"}
{"timestamp":"2025-05-08T09:13:15.781175","level":"warning","event":"The dbt project folder contains a symbolic link to a non-existent file: /opt/airflow/dags/dbt/.trunk/actions","logger":"cosmos.cache"}
{"timestamp":"2025-05-08T09:13:15.783399","level":"warning","event":"The dbt project folder contains a symbolic link to a non-existent file: /opt/airflow/dags/dbt/.trunk/logs","logger":"cosmos.cache"}
{"timestamp":"2025-05-08T09:13:15.784211","level":"warning","event":"The dbt project folder contains a symbolic link to a non-existent file: /opt/airflow/dags/dbt/.trunk/notifications","logger":"cosmos.cache"}
{"timestamp":"2025-05-08T09:13:15.784857","level":"warning","event":"The dbt project folder contains a symbolic link to a non-existent file: /opt/airflow/dags/dbt/.trunk/out","logger":"cosmos.cache"}
{"timestamp":"2025-05-08T09:13:15.785306","level":"warning","event":"The dbt project folder contains a symbolic link to a non-existent file: /opt/airflow/dags/dbt/.trunk/plugins/trunk","logger":"cosmos.cache"}
{"timestamp":"2025-05-08T09:13:15.785849","level":"warning","event":"The dbt project folder contains a symbolic link to a non-existent file: /opt/airflow/dags/dbt/.trunk/tools","logger":"cosmos.cache"}
{"timestamp":"2025-05-08T09:13:15.818213","level":"warning","event":"The dbt project folder contains a symbolic link to a non-existent file: /opt/airflow/dags/dbt/.venv/bin/python","logger":"cosmos.cache"}
{"timestamp":"2025-05-08T09:13:15.819102","level":"warning","event":"The dbt project folder contains a symbolic link to a non-existent file: /opt/airflow/dags/dbt/.venv/bin/python3","logger":"cosmos.cache"}
{"timestamp":"2025-05-08T09:13:15.819640","level":"warning","event":"The dbt project folder contains a symbolic link to a non-existent file: /opt/airflow/dags/dbt/.venv/bin/python3.13","logger":"cosmos.cache"}
{"timestamp":"2025-05-08T09:13:49.624033","level":"info","event":"Cosmos performance: time to calculate cache identifier cosmos_cache__my_first_dag for current version: 34.58322876600005","logger":"cosmos.cache"}
{"timestamp":"2025-05-08T09:13:49.628363","level":"info","event":"Cosmos performance [81b6b32c5700|237]: The cache size for cosmos_cache__my_first_dag is 2453","logger":"cosmos.dbt.graph"}
{"timestamp":"2025-05-08T09:13:49.636533","level":"info","event":"Cosmos performance: Cache hit for cosmos_cache__my_first_dag - 7b80209e8e79272c7f5e66cbc5cba00b,1216c01535c4629822fc8b4e59102553","logger":"cosmos.dbt.graph"}
{"timestamp":"2025-05-08T09:13:49.647819","level":"info","event":"Total nodes: 2","logger":"cosmos.dbt.graph"}
{"timestamp":"2025-05-08T09:13:49.647935","level":"info","event":"Total filtered nodes: 2","logger":"cosmos.dbt.graph"}
{"timestamp":"2025-05-08T09:13:49.648396","level":"info","event":"Cosmos performance (my_first_dag) -  [81b6b32c5700|237]: It took 34.6s to parse the dbt project for DAG using LoadMode.DBT_LS_CACHE","logger":"cosmos.converter"}
{"timestamp":"2025-05-08T09:13:49.675821","level":"info","event":"Cosmos performance (my_first_dag) - [81b6b32c5700|237]: It took 0.0275s to build the Airflow DAG.","logger":"cosmos.converter"}
{"timestamp":"2025-05-08T09:13:49.681368","level":"warning","event":"/home/airflow/.local/lib/python3.12/site-packages/pydantic/main.py:463: UserWarning: Pydantic serializer warnings:\n  PydanticSerializationUnexpectedValue(Expected `str` - serialized value may not be as expected [input_value={'version': '7b80209e8e79..., 'task_group_id': None}, input_type=dict])\n  return self.__pydantic_serializer__.to_python(\n","logger":"py.warnings"}
{"timestamp":"2025-05-08T09:13:49.846269Z","level":"info","event":"Task instance is in running state","chan":"stdout","logger":"task"}
{"timestamp":"2025-05-08T09:13:49.854597Z","level":"info","event":" Previous state of the Task instance: queued","chan":"stdout","logger":"task"}
{"timestamp":"2025-05-08T09:13:49.858543Z","level":"info","event":"Current task name:stg_flights__aircrafts.run","chan":"stdout","logger":"task"}
{"timestamp":"2025-05-08T09:13:49.860522Z","level":"info","event":"Dag name:my_first_dag","chan":"stdout","logger":"task"}
{"timestamp":"2025-05-08T09:13:51.859529","level":"info","event":"dbtRunner is available. Using dbtRunner for invoking dbt.","logger":"cosmos.operators.base"}
{"timestamp":"2025-05-08T09:13:51.860617","level":"info","event":"Cloning project to writable temp directory /tmp/tmpv615d1z4 from /opt/airflow/dags/dbt","logger":"cosmos.operators.base"}
{"timestamp":"2025-05-08T09:13:51.863468","level":"info","event":"Partial parse is enabled and the latest partial parse file is /opt/airflow/dags/dbt/target/partial_parse.msgpack","logger":"cosmos.operators.base"}
{"timestamp":"2025-05-08T09:13:51.894760","level":"info","event":"Profile caching is enable.","logger":"cosmos.config"}
{"timestamp":"2025-05-08T09:13:51.897313","level":"info","event":"Secrets backends loaded for worker","count":1,"backend_classes":["EnvironmentVariablesBackend"],"logger":"supervisor"}
{"timestamp":"2025-05-08T09:13:51.936868","level":"info","event":"Connection Retrieved 'postgres_dbt'","logger":"airflow.hooks.base"}
{"timestamp":"2025-05-08T09:13:51.938772","level":"info","event":"Profile found in cache using profile: /tmp/cosmos/profile/5685f440b338e3a65841a90df244eacf377566740ec75f4ce3e77a914c55ffdd/profiles.yml.","logger":"cosmos.config"}
{"timestamp":"2025-05-08T09:13:51.943359","level":"info","event":"Trying to run dbtRunner with:\n ['deps', '--project-dir', '/tmp/tmpv615d1z4', '--profiles-dir', '/tmp/cosmos/profile/5685f440b338e3a65841a90df244eacf377566740ec75f4ce3e77a914c55ffdd', '--profile', 'default', '--target', 'dev']\n in /tmp/tmpv615d1z4","logger":"cosmos.dbt.runner"}
{"timestamp":"2025-05-08T09:13:52.101377Z","level":"info","event":"\u001b[0m09:13:52  Running with dbt=1.8.7","chan":"stdout","logger":"task"}
{"timestamp":"2025-05-08T09:13:53.291936Z","level":"info","event":"\u001b[0m09:13:53  Installing dbt-labs/dbt_utils","chan":"stdout","logger":"task"}
{"timestamp":"2025-05-08T09:13:53.958913Z","level":"info","event":"\u001b[0m09:13:53  Installed from version 1.3.0","chan":"stdout","logger":"task"}
{"timestamp":"2025-05-08T09:13:53.966578Z","level":"info","event":"\u001b[0m09:13:53  Up to date!","chan":"stdout","logger":"task"}
{"timestamp":"2025-05-08T09:13:53.973551Z","level":"info","event":"\u001b[0m09:13:53  Installing dbt-labs/codegen","chan":"stdout","logger":"task"}
{"timestamp":"2025-05-08T09:13:54.382511Z","level":"info","event":"\u001b[0m09:13:54  Installed from version 0.13.1","chan":"stdout","logger":"task"}
{"timestamp":"2025-05-08T09:13:54.386416Z","level":"info","event":"\u001b[0m09:13:54  Up to date!","chan":"stdout","logger":"task"}
{"timestamp":"2025-05-08T09:13:54.387412Z","level":"info","event":"\u001b[0m09:13:54  Installing Datavault-UK/automate_dv","chan":"stdout","logger":"task"}
{"timestamp":"2025-05-08T09:13:54.921402Z","level":"info","event":"\u001b[0m09:13:54  Installed from version 0.11.2","chan":"stdout","logger":"task"}
{"timestamp":"2025-05-08T09:13:54.922923Z","level":"info","event":"\u001b[0m09:13:54  Up to date!","chan":"stdout","logger":"task"}
{"timestamp":"2025-05-08T09:13:55.608247","level":"info","event":"Trying to run dbtRunner with:\n ['run', '--models', 'stg_flights__aircrafts', '--project-dir', '/tmp/tmpv615d1z4', '--profiles-dir', '/tmp/cosmos/profile/5685f440b338e3a65841a90df244eacf377566740ec75f4ce3e77a914c55ffdd', '--profile', 'default', '--target', 'dev']\n in /tmp/tmpv615d1z4","logger":"cosmos.dbt.runner"}
{"timestamp":"2025-05-08T09:13:55.637873Z","level":"info","event":"\u001b[0m09:13:55  Running with dbt=1.8.7","chan":"stdout","logger":"task"}
{"timestamp":"2025-05-08T09:13:56.002443Z","level":"info","event":"\u001b[0m09:13:56  Registered adapter: postgres=1.9.0","chan":"stdout","logger":"task"}
{"timestamp":"2025-05-08T09:13:57.008558Z","level":"info","event":"\u001b[0m09:13:57  Unable to do partial parsing because of a version mismatch","chan":"stdout","logger":"task"}
{"timestamp":"2025-05-08T09:14:02.051584Z","level":"info","event":"\u001b[0m09:14:02  09:14:02 + my pretty message","chan":"stdout","logger":"task"}
{"timestamp":"2025-05-08T09:14:02.896393Z","level":"info","event":"\u001b[0m09:14:02  [\u001b[33mWARNING\u001b[0m]: Deprecated functionality","chan":"stdout","logger":"task"}
{"timestamp":"2025-05-08T09:14:02.898637Z","level":"info","event":"The `tests` config has been renamed to `data_tests`. Please see","chan":"stdout","logger":"task"}
{"timestamp":"2025-05-08T09:14:02.900453Z","level":"info","event":"https://docs.getdbt.com/docs/build/data-tests#new-data_tests-syntax for more","chan":"stdout","logger":"task"}
{"timestamp":"2025-05-08T09:14:02.903381Z","level":"info","event":"information.","chan":"stdout","logger":"task"}
{"timestamp":"2025-05-08T09:14:04.225413Z","level":"info","event":"\u001b[0m09:14:04  Found 24 models, 5 snapshots, 10 analyses, 26 data tests, 3 seeds, 1 operation, 8 sources, 850 macros","chan":"stdout","logger":"task"}
{"timestamp":"2025-05-08T09:14:04.230577Z","level":"info","event":"\u001b[0m09:14:04","chan":"stdout","logger":"task"}
{"timestamp":"2025-05-08T09:14:04.430847Z","level":"info","event":"\u001b[0m09:14:04  Concurrency: 1 threads (target='dev')","chan":"stdout","logger":"task"}
{"timestamp":"2025-05-08T09:14:04.432740Z","level":"info","event":"\u001b[0m09:14:04","chan":"stdout","logger":"task"}
{"timestamp":"2025-05-08T09:14:04.434951Z","level":"info","event":"\u001b[0m09:14:04  1 of 1 START sql table model intermediate.stg_flights__aircrafts ............... [RUN]","chan":"stdout","logger":"task"}
{"timestamp":"2025-05-08T09:14:04.661698Z","level":"info","event":"\u001b[0m09:14:04  1 of 1 OK created sql table model intermediate.stg_flights__aircrafts .......... [\u001b[32mSELECT 9\u001b[0m in 0.22s]","chan":"stdout","logger":"task"}
{"timestamp":"2025-05-08T09:14:04.681776Z","level":"info","event":"\u001b[0m09:14:04","chan":"stdout","logger":"task"}
{"timestamp":"2025-05-08T09:14:04.685283Z","level":"info","event":"\u001b[0m09:14:04  Running 1 on-run-end hook","chan":"stdout","logger":"task"}
{"timestamp":"2025-05-08T09:14:04.703709Z","level":"info","event":"\u001b[0m09:14:04  1 of 1 START hook: dbt_course_practice.on-run-end.0 ............................ [RUN]","chan":"stdout","logger":"task"}
{"timestamp":"2025-05-08T09:14:04.706946Z","level":"info","event":"\u001b[0m09:14:04  1 of 1 OK hook: dbt_course_practice.on-run-end.0 ............................... [\u001b[32mOK\u001b[0m in 0.00s]","chan":"stdout","logger":"task"}
{"timestamp":"2025-05-08T09:14:04.709413Z","level":"info","event":"\u001b[0m09:14:04","chan":"stdout","logger":"task"}
{"timestamp":"2025-05-08T09:14:04.710332Z","level":"info","event":"\u001b[0m09:14:04","chan":"stdout","logger":"task"}
{"timestamp":"2025-05-08T09:14:04.711451Z","level":"info","event":"\u001b[0m09:14:04  Finished running 1 table model, 1 project hook in 0 hours 0 minutes and 0.48 seconds (0.48s).","chan":"stdout","logger":"task"}
{"timestamp":"2025-05-08T09:14:04.780287Z","level":"info","event":"\u001b[0m09:14:04","chan":"stdout","logger":"task"}
{"timestamp":"2025-05-08T09:14:04.782417Z","level":"info","event":"\u001b[0m09:14:04  \u001b[32mCompleted successfully\u001b[0m","chan":"stdout","logger":"task"}
{"timestamp":"2025-05-08T09:14:04.784865Z","level":"info","event":"\u001b[0m09:14:04","chan":"stdout","logger":"task"}
{"timestamp":"2025-05-08T09:14:04.786580Z","level":"info","event":"\u001b[0m09:14:04  Done. PASS=1 WARN=0 ERROR=0 SKIP=0 TOTAL=1","chan":"stdout","logger":"task"}
{"timestamp":"2025-05-08T09:14:05.485511","level":"warning","event":"\n                Airflow 3.0.0 Asset (Dataset) URIs validation rules changed and OpenLineage URIs (standard used by Cosmos) are no longer accepted.\n                Therefore, if using Cosmos with Airflow 3, the Airflow Asset (Dataset) URI is now <postgres://dbt-course-postgres:5432/dwh_flight/demo_src/aircrafts>.\n                Before, with Airflow 2.x, the URI used to be <postgres://dbt-course-postgres:5432/dwh_flight.demo_src.aircrafts>.\n                Please, change any DAGs that were scheduled using the old standard to the new one.\n                ","logger":"cosmos.operators.local"}
{"timestamp":"2025-05-08T09:14:05.755893","level":"warning","event":"\n                Airflow 3.0.0 Asset (Dataset) URIs validation rules changed and OpenLineage URIs (standard used by Cosmos) are no longer accepted.\n                Therefore, if using Cosmos with Airflow 3, the Airflow Asset (Dataset) URI is now <postgres://dbt-course-postgres:5432/dwh_flight/intermediate/stg_flights__aircrafts>.\n                Before, with Airflow 2.x, the URI used to be <postgres://dbt-course-postgres:5432/dwh_flight.intermediate.stg_flights__aircrafts>.\n                Please, change any DAGs that were scheduled using the old standard to the new one.\n                ","logger":"cosmos.operators.local"}
{"timestamp":"2025-05-08T09:14:05.756448","level":"info","event":"Inlets: [Asset(name='postgres://dbt-course-postgres:5432/dwh_flight/demo_src/aircrafts', uri='postgres://dbt-course-postgres:5432/dwh_flight/demo_src/aircrafts', group='asset', extra={}, watchers=[])]","logger":"cosmos.operators.base"}
{"timestamp":"2025-05-08T09:14:05.756567","level":"info","event":"Outlets: [Asset(name='postgres://dbt-course-postgres:5432/dwh_flight/intermediate/stg_flights__aircrafts', uri='postgres://dbt-course-postgres:5432/dwh_flight/intermediate/stg_flights__aircrafts', group='asset', extra={}, watchers=[])]","logger":"cosmos.operators.base"}
{"timestamp":"2025-05-08T09:14:05.756729","level":"info","event":"Assigning outlets with DatasetAlias in Airflow 3","logger":"cosmos.operators.local"}
{"timestamp":"2025-05-08T09:14:07.246678Z","level":"info","event":"Task instance in success state","chan":"stdout","logger":"task"}
{"timestamp":"2025-05-08T09:14:07.249602Z","level":"info","event":" Previous state of the Task instance: running","chan":"stdout","logger":"task"}
{"timestamp":"2025-05-08T09:14:07.251206Z","level":"info","event":"Task operator:<Task(DbtRunLocalOperator): stg_flights__aircrafts.run>","chan":"stdout","logger":"task"}
{"timestamp":"2025-05-08T09:14:07.253295Z","level":"error","event":"/usr/local/lib/python3.12/multiprocessing/resource_tracker.py:279: UserWarning: resource_tracker: There appear to be 2 leaked semaphore objects to clean up at shutdown","chan":"stderr","logger":"task"}
{"timestamp":"2025-05-08T09:14:07.254891Z","level":"error","event":"  warnings.warn('resource_tracker: There appear to be %d '","chan":"stderr","logger":"task"}
